<?xml version="1.0" encoding="UTF-8"?>
<testsuite xmlns:xsi="http://www.w3.org/2001/XMLSchema-instance" xsi:noNamespaceSchemaLocation="https://maven.apache.org/surefire/maven-surefire-plugin/xsd/surefire-test-report-3.0.xsd" version="3.0" name="ec.edu.espe.complexoperations.controller.PersonControllerTest" time="0.075" tests="20" errors="0" skipped="0" failures="0">
  <properties>
    <property name="java.specification.version" value="20"/>
    <property name="sun.cpu.isalist" value="amd64"/>
    <property name="sun.jnu.encoding" value="Cp1252"/>
    <property name="java.class.path" value="C:\Users\eduse\OneDrive\Escritorio\Espe\Tercer Semestre\Programacion orientada a objetos\Segundo parcial\Workshops\WS23UnitTesting\ComplexOperations\target\test-classes;C:\Users\eduse\OneDrive\Escritorio\Espe\Tercer Semestre\Programacion orientada a objetos\Segundo parcial\Workshops\WS23UnitTesting\ComplexOperations\target\classes;C:\Users\eduse\.m2\repository\org\junit\jupiter\junit-jupiter-api\5.6.0\junit-jupiter-api-5.6.0.jar;C:\Users\eduse\.m2\repository\org\apiguardian\apiguardian-api\1.1.0\apiguardian-api-1.1.0.jar;C:\Users\eduse\.m2\repository\org\opentest4j\opentest4j\1.2.0\opentest4j-1.2.0.jar;C:\Users\eduse\.m2\repository\org\junit\platform\junit-platform-commons\1.6.0\junit-platform-commons-1.6.0.jar;C:\Users\eduse\.m2\repository\org\junit\jupiter\junit-jupiter-params\5.6.0\junit-jupiter-params-5.6.0.jar;C:\Users\eduse\.m2\repository\org\junit\jupiter\junit-jupiter-engine\5.6.0\junit-jupiter-engine-5.6.0.jar;C:\Users\eduse\.m2\repository\org\junit\platform\junit-platform-engine\1.6.0\junit-platform-engine-1.6.0.jar;"/>
    <property name="java.vm.vendor" value="Oracle Corporation"/>
    <property name="sun.arch.data.model" value="64"/>
    <property name="user.variant" value=""/>
    <property name="java.vendor.url" value="https://java.oracle.com/"/>
    <property name="user.timezone" value="America/Guayaquil"/>
    <property name="os.name" value="Windows 11"/>
    <property name="java.vm.specification.version" value="20"/>
    <property name="user.country" value="US"/>
    <property name="sun.java.launcher" value="SUN_STANDARD"/>
    <property name="sun.boot.library.path" value="C:\Program Files\Java\jdk-20\bin"/>
    <property name="sun.java.command" value="C:\Users\eduse\AppData\Local\Temp\surefire15215234639160146368\surefirebooter-20240708221639330_3.jar C:\Users\eduse\AppData\Local\Temp\surefire15215234639160146368 2024-07-08T22-16-39_174-jvmRun1 surefire-20240708221639330_1tmp surefire_0-20240708221639330_2tmp"/>
    <property name="jdk.debug" value="release"/>
    <property name="test" value="ec.edu.espe.complexoperations.controller.PersonControllerTest"/>
    <property name="surefire.test.class.path" value="C:\Users\eduse\OneDrive\Escritorio\Espe\Tercer Semestre\Programacion orientada a objetos\Segundo parcial\Workshops\WS23UnitTesting\ComplexOperations\target\test-classes;C:\Users\eduse\OneDrive\Escritorio\Espe\Tercer Semestre\Programacion orientada a objetos\Segundo parcial\Workshops\WS23UnitTesting\ComplexOperations\target\classes;C:\Users\eduse\.m2\repository\org\junit\jupiter\junit-jupiter-api\5.6.0\junit-jupiter-api-5.6.0.jar;C:\Users\eduse\.m2\repository\org\apiguardian\apiguardian-api\1.1.0\apiguardian-api-1.1.0.jar;C:\Users\eduse\.m2\repository\org\opentest4j\opentest4j\1.2.0\opentest4j-1.2.0.jar;C:\Users\eduse\.m2\repository\org\junit\platform\junit-platform-commons\1.6.0\junit-platform-commons-1.6.0.jar;C:\Users\eduse\.m2\repository\org\junit\jupiter\junit-jupiter-params\5.6.0\junit-jupiter-params-5.6.0.jar;C:\Users\eduse\.m2\repository\org\junit\jupiter\junit-jupiter-engine\5.6.0\junit-jupiter-engine-5.6.0.jar;C:\Users\eduse\.m2\repository\org\junit\platform\junit-platform-engine\1.6.0\junit-platform-engine-1.6.0.jar;"/>
    <property name="sun.cpu.endian" value="little"/>
    <property name="user.home" value="C:\Users\eduse"/>
    <property name="user.language" value="en"/>
    <property name="java.specification.vendor" value="Oracle Corporation"/>
    <property name="java.version.date" value="2023-07-18"/>
    <property name="java.home" value="C:\Program Files\Java\jdk-20"/>
    <property name="file.separator" value="\"/>
    <property name="basedir" value="C:\Users\eduse\OneDrive\Escritorio\Espe\Tercer Semestre\Programacion orientada a objetos\Segundo parcial\Workshops\WS23UnitTesting\ComplexOperations"/>
    <property name="java.vm.compressedOopsMode" value="Zero based"/>
    <property name="line.separator" value="&#10;"/>
    <property name="java.vm.specification.vendor" value="Oracle Corporation"/>
    <property name="java.specification.name" value="Java Platform API Specification"/>
    <property name="surefire.real.class.path" value="C:\Users\eduse\AppData\Local\Temp\surefire15215234639160146368\surefirebooter-20240708221639330_3.jar"/>
    <property name="user.script" value=""/>
    <property name="sun.management.compiler" value="HotSpot 64-Bit Tiered Compilers"/>
    <property name="java.runtime.version" value="20.0.2+9-78"/>
    <property name="user.name" value="eduse"/>
    <property name="stdout.encoding" value="Cp1252"/>
    <property name="path.separator" value=";"/>
    <property name="os.version" value="10.0"/>
    <property name="java.runtime.name" value="Java(TM) SE Runtime Environment"/>
    <property name="file.encoding" value="UTF-8"/>
    <property name="java.vm.name" value="Java HotSpot(TM) 64-Bit Server VM"/>
    <property name="maven.ext.class.path" value="C:\Program Files\NetBeans-21\netbeans\java\maven-nblib\netbeans-eventspy.jar"/>
    <property name="localRepository" value="C:\Users\eduse\.m2\repository"/>
    <property name="java.vendor.url.bug" value="https://bugreport.java.com/bugreport/"/>
    <property name="java.io.tmpdir" value="C:\Users\eduse\AppData\Local\Temp\"/>
    <property name="java.version" value="20.0.2"/>
    <property name="user.dir" value="C:\Users\eduse\OneDrive\Escritorio\Espe\Tercer Semestre\Programacion orientada a objetos\Segundo parcial\Workshops\WS23UnitTesting\ComplexOperations"/>
    <property name="os.arch" value="amd64"/>
    <property name="java.vm.specification.name" value="Java Virtual Machine Specification"/>
    <property name="sun.os.patch.level" value=""/>
    <property name="native.encoding" value="Cp1252"/>
    <property name="java.library.path" value="C:\Program Files\Java\jdk-20\bin;C:\WINDOWS\Sun\Java\bin;C:\WINDOWS\system32;C:\WINDOWS;C:\Python312\Scripts\;C:\Python312\;C:\Program Files\Common Files\Oracle\Java\javapath;C:\Windows\system32;C:\Windows;C:\Windows\System32\Wbem;C:\Windows\System32\WindowsPowerShell\v1.0\;C:\Windows\System32\OpenSSH\;C:\Program Files (x86)\NVIDIA Corporation\PhysX\Common;C:\WINDOWS\system32;C:\WINDOWS;C:\WINDOWS\System32\Wbem;C:\WINDOWS\System32\WindowsPowerShell\v1.0\;C:\WINDOWS\System32\OpenSSH\;C:\Program Files\NVIDIA Corporation\NVIDIA NvDLISR;C:\Program Files\Git\cmd;C:\Program Files\dotnet\;C:\Program Files\nodejs\;C:\ProgramData\chocolatey\bin;C:\Users\eduse\AppData\Local\Microsoft\WindowsApps;C:\Users\eduse\AppData\Local\Programs\Microsoft VS Code\bin;C:\Users\eduse\AppData\Roaming\npm;C:\Users\eduse\AppData\Local\Programs\mongosh\;."/>
    <property name="java.vm.info" value="mixed mode, sharing"/>
    <property name="stderr.encoding" value="Cp1252"/>
    <property name="java.vendor" value="Oracle Corporation"/>
    <property name="java.vm.version" value="20.0.2+9-78"/>
    <property name="sun.io.unicode.encoding" value="UnicodeLittle"/>
    <property name="java.class.version" value="64.0"/>
  </properties>
  <testcase name="testComputeAgeInDays10" classname="ec.edu.espe.complexoperations.controller.PersonControllerTest" time="0.03">
    <system-out><![CDATA[computeAgeInDays
]]></system-out>
  </testcase>
  <testcase name="testComputeAgeInYears1" classname="ec.edu.espe.complexoperations.controller.PersonControllerTest" time="0.0">
    <system-out><![CDATA[computeAgeInYears
]]></system-out>
  </testcase>
  <testcase name="testComputeAgeInYears2" classname="ec.edu.espe.complexoperations.controller.PersonControllerTest" time="0.0">
    <system-out><![CDATA[computeAgeInYears
]]></system-out>
  </testcase>
  <testcase name="testComputeAgeInYears3" classname="ec.edu.espe.complexoperations.controller.PersonControllerTest" time="0.0">
    <system-out><![CDATA[computeAgeInYears
]]></system-out>
  </testcase>
  <testcase name="testComputeAgeInYears4" classname="ec.edu.espe.complexoperations.controller.PersonControllerTest" time="0.0">
    <system-out><![CDATA[computeAgeInYears
]]></system-out>
  </testcase>
  <testcase name="testComputeAgeInYears5" classname="ec.edu.espe.complexoperations.controller.PersonControllerTest" time="0.001">
    <system-out><![CDATA[computeAgeInYears
]]></system-out>
  </testcase>
  <testcase name="testComputeAgeInYears6" classname="ec.edu.espe.complexoperations.controller.PersonControllerTest" time="0.0">
    <system-out><![CDATA[computeAgeInYears
]]></system-out>
  </testcase>
  <testcase name="testComputeAgeInYears7" classname="ec.edu.espe.complexoperations.controller.PersonControllerTest" time="0.0">
    <system-out><![CDATA[computeAgeInYears
]]></system-out>
  </testcase>
  <testcase name="testComputeAgeInYears8" classname="ec.edu.espe.complexoperations.controller.PersonControllerTest" time="0.001">
    <system-out><![CDATA[computeAgeInYears
]]></system-out>
  </testcase>
  <testcase name="testComputeAgeInYears9" classname="ec.edu.espe.complexoperations.controller.PersonControllerTest" time="0.002">
    <system-out><![CDATA[computeAgeInYears
]]></system-out>
  </testcase>
  <testcase name="testComputeAgeInYears10" classname="ec.edu.espe.complexoperations.controller.PersonControllerTest" time="0.001">
    <system-out><![CDATA[computeAgeInYears
]]></system-out>
  </testcase>
  <testcase name="testComputeAgeInDays1" classname="ec.edu.espe.complexoperations.controller.PersonControllerTest" time="0.001">
    <system-out><![CDATA[computeAgeInDays
]]></system-out>
  </testcase>
  <testcase name="testComputeAgeInDays2" classname="ec.edu.espe.complexoperations.controller.PersonControllerTest" time="0.0">
    <system-out><![CDATA[computeAgeInDays
]]></system-out>
  </testcase>
  <testcase name="testComputeAgeInDays3" classname="ec.edu.espe.complexoperations.controller.PersonControllerTest" time="0.001">
    <system-out><![CDATA[computeAgeInDays
]]></system-out>
  </testcase>
  <testcase name="testComputeAgeInDays4" classname="ec.edu.espe.complexoperations.controller.PersonControllerTest" time="0.001">
    <system-out><![CDATA[computeAgeInDays
]]></system-out>
  </testcase>
  <testcase name="testComputeAgeInDays5" classname="ec.edu.espe.complexoperations.controller.PersonControllerTest" time="0.001">
    <system-out><![CDATA[computeAgeInDays
]]></system-out>
  </testcase>
  <testcase name="testComputeAgeInDays6" classname="ec.edu.espe.complexoperations.controller.PersonControllerTest" time="0.001">
    <system-out><![CDATA[computeAgeInDays
]]></system-out>
  </testcase>
  <testcase name="testComputeAgeInDays7" classname="ec.edu.espe.complexoperations.controller.PersonControllerTest" time="0.001">
    <system-out><![CDATA[computeAgeInDays
]]></system-out>
  </testcase>
  <testcase name="testComputeAgeInDays8" classname="ec.edu.espe.complexoperations.controller.PersonControllerTest" time="0.001">
    <system-out><![CDATA[computeAgeInDays
]]></system-out>
  </testcase>
  <testcase name="testComputeAgeInDays9" classname="ec.edu.espe.complexoperations.controller.PersonControllerTest" time="0.001">
    <system-out><![CDATA[computeAgeInDays
]]></system-out>
  </testcase>
</testsuite>