<?xml version="1.0" encoding="UTF-8"?>
<testsuite xmlns:xsi="http://www.w3.org/2001/XMLSchema-instance" xsi:noNamespaceSchemaLocation="https://maven.apache.org/surefire/maven-surefire-plugin/xsd/surefire-test-report-3.0.xsd" version="3.0" name="ec.esu.espe.quizz.controller.CylinderAreaControllerTest" time="0.119" tests="10" errors="0" skipped="0" failures="0">
  <properties>
    <property name="java.specification.version" value="22"/>
    <property name="sun.cpu.isalist" value="amd64"/>
    <property name="sun.jnu.encoding" value="Cp1252"/>
    <property name="java.class.path" value="C:\Users\Usuario\Documents\SARAY\Quizz25july2024\target\test-classes;C:\Users\Usuario\Documents\SARAY\Quizz25july2024\target\classes;C:\Users\Usuario\.m2\repository\org\netbeans\external\AbsoluteLayout\RELEASE210\AbsoluteLayout-RELEASE210.jar;C:\Users\Usuario\.m2\repository\org\junit\jupiter\junit-jupiter-api\5.6.0\junit-jupiter-api-5.6.0.jar;C:\Users\Usuario\.m2\repository\org\apiguardian\apiguardian-api\1.1.0\apiguardian-api-1.1.0.jar;C:\Users\Usuario\.m2\repository\org\opentest4j\opentest4j\1.2.0\opentest4j-1.2.0.jar;C:\Users\Usuario\.m2\repository\org\junit\platform\junit-platform-commons\1.6.0\junit-platform-commons-1.6.0.jar;C:\Users\Usuario\.m2\repository\org\junit\jupiter\junit-jupiter-params\5.6.0\junit-jupiter-params-5.6.0.jar;C:\Users\Usuario\.m2\repository\org\junit\jupiter\junit-jupiter-engine\5.6.0\junit-jupiter-engine-5.6.0.jar;C:\Users\Usuario\.m2\repository\org\junit\platform\junit-platform-engine\1.6.0\junit-platform-engine-1.6.0.jar;"/>
    <property name="java.vm.vendor" value="Oracle Corporation"/>
    <property name="sun.arch.data.model" value="64"/>
    <property name="user.variant" value=""/>
    <property name="java.vendor.url" value="https://java.oracle.com/"/>
    <property name="user.timezone" value="America/Guayaquil"/>
    <property name="os.name" value="Windows 10"/>
    <property name="java.vm.specification.version" value="22"/>
    <property name="user.country" value="EC"/>
    <property name="sun.java.launcher" value="SUN_STANDARD"/>
    <property name="sun.boot.library.path" value="C:\Program Files\Java\jdk-22\bin"/>
    <property name="sun.java.command" value="C:\Users\Usuario\AppData\Local\Temp\surefire6221647847332642698\surefirebooter-20240725115906573_3.jar C:\Users\Usuario\AppData\Local\Temp\surefire6221647847332642698 2024-07-25T11-59-06_373-jvmRun1 surefire-20240725115906573_1tmp surefire_0-20240725115906573_2tmp"/>
    <property name="jdk.debug" value="release"/>
    <property name="test" value="ec.esu.espe.quizz.controller.CylinderAreaControllerTest"/>
    <property name="surefire.test.class.path" value="C:\Users\Usuario\Documents\SARAY\Quizz25july2024\target\test-classes;C:\Users\Usuario\Documents\SARAY\Quizz25july2024\target\classes;C:\Users\Usuario\.m2\repository\org\netbeans\external\AbsoluteLayout\RELEASE210\AbsoluteLayout-RELEASE210.jar;C:\Users\Usuario\.m2\repository\org\junit\jupiter\junit-jupiter-api\5.6.0\junit-jupiter-api-5.6.0.jar;C:\Users\Usuario\.m2\repository\org\apiguardian\apiguardian-api\1.1.0\apiguardian-api-1.1.0.jar;C:\Users\Usuario\.m2\repository\org\opentest4j\opentest4j\1.2.0\opentest4j-1.2.0.jar;C:\Users\Usuario\.m2\repository\org\junit\platform\junit-platform-commons\1.6.0\junit-platform-commons-1.6.0.jar;C:\Users\Usuario\.m2\repository\org\junit\jupiter\junit-jupiter-params\5.6.0\junit-jupiter-params-5.6.0.jar;C:\Users\Usuario\.m2\repository\org\junit\jupiter\junit-jupiter-engine\5.6.0\junit-jupiter-engine-5.6.0.jar;C:\Users\Usuario\.m2\repository\org\junit\platform\junit-platform-engine\1.6.0\junit-platform-engine-1.6.0.jar;"/>
    <property name="sun.cpu.endian" value="little"/>
    <property name="user.home" value="C:\Users\Usuario"/>
    <property name="user.language" value="es"/>
    <property name="java.specification.vendor" value="Oracle Corporation"/>
    <property name="java.version.date" value="2024-04-16"/>
    <property name="java.home" value="C:\Program Files\Java\jdk-22"/>
    <property name="file.separator" value="\"/>
    <property name="basedir" value="C:\Users\Usuario\Documents\SARAY\Quizz25july2024"/>
    <property name="java.vm.compressedOopsMode" value="32-bit"/>
    <property name="line.separator" value="&#10;"/>
    <property name="java.vm.specification.vendor" value="Oracle Corporation"/>
    <property name="java.specification.name" value="Java Platform API Specification"/>
    <property name="surefire.real.class.path" value="C:\Users\Usuario\AppData\Local\Temp\surefire6221647847332642698\surefirebooter-20240725115906573_3.jar"/>
    <property name="user.script" value=""/>
    <property name="sun.management.compiler" value="HotSpot 64-Bit Tiered Compilers"/>
    <property name="java.runtime.version" value="22.0.1+8-16"/>
    <property name="user.name" value="Usuario"/>
    <property name="stdout.encoding" value="Cp1252"/>
    <property name="path.separator" value=";"/>
    <property name="os.version" value="10.0"/>
    <property name="java.runtime.name" value="Java(TM) SE Runtime Environment"/>
    <property name="file.encoding" value="UTF-8"/>
    <property name="java.vm.name" value="Java HotSpot(TM) 64-Bit Server VM"/>
    <property name="maven.ext.class.path" value="C:\Program Files\NetBeans-21\netbeans\java\maven-nblib\netbeans-eventspy.jar;C:\Program Files\NetBeans-21\netbeans\java\maven-nblib\netbeans-eventspy.jar"/>
    <property name="localRepository" value="C:\Users\Usuario\.m2\repository"/>
    <property name="java.vendor.url.bug" value="https://bugreport.java.com/bugreport/"/>
    <property name="java.io.tmpdir" value="C:\Users\Usuario\AppData\Local\Temp\"/>
    <property name="java.version" value="22.0.1"/>
    <property name="user.dir" value="C:\Users\Usuario\Documents\SARAY\Quizz25july2024"/>
    <property name="os.arch" value="amd64"/>
    <property name="java.vm.specification.name" value="Java Virtual Machine Specification"/>
    <property name="sun.os.patch.level" value=""/>
    <property name="native.encoding" value="Cp1252"/>
    <property name="java.library.path" value="C:\Program Files\Java\jdk-22\bin;C:\Windows\Sun\Java\bin;C:\Windows\system32;C:\Windows;C:\Program Files\Common Files\Oracle\Java\javapath;C:\Windows\system32;C:\Windows;C:\Windows\System32\Wbem;C:\Windows\System32\WindowsPowerShell\v1.0\;C:\Windows\System32\OpenSSH\;C:\Program Files\Git\cmd;C:\Users\Usuario\AppData\Local\Programs\Python\Python312\Scripts\;C:\Users\Usuario\AppData\Local\Programs\Python\Python312\;C:\Users\Usuario\AppData\Local\Microsoft\WindowsApps;C:\Users\Usuario\AppData\Local\Programs\Microsoft VS Code\bin;C:\Program Files\mongosh-2.2.10-win32-x64\bin;C:\Users\Usuario\AppData\Local\Programs\Python\Python312;C:\Users\Usuario\AppData\Local\Programs\Python\Python312\Scripts;;."/>
    <property name="java.vm.info" value="mixed mode, sharing"/>
    <property name="stderr.encoding" value="Cp1252"/>
    <property name="java.vendor" value="Oracle Corporation"/>
    <property name="java.vm.version" value="22.0.1+8-16"/>
    <property name="sun.io.unicode.encoding" value="UnicodeLittle"/>
    <property name="java.class.version" value="66.0"/>
  </properties>
  <testcase name="testComputeCylinderArea1" classname="ec.esu.espe.quizz.controller.CylinderAreaControllerTest" time="0.053">
    <system-out><![CDATA[computeCylinderArea
]]></system-out>
  </testcase>
  <testcase name="testComputeCylinderArea2" classname="ec.esu.espe.quizz.controller.CylinderAreaControllerTest" time="0.004">
    <system-out><![CDATA[computeCylinderArea
]]></system-out>
  </testcase>
  <testcase name="testComputeCylinderArea3" classname="ec.esu.espe.quizz.controller.CylinderAreaControllerTest" time="0.002">
    <system-out><![CDATA[computeCylinderArea
]]></system-out>
  </testcase>
  <testcase name="testComputeCylinderArea4" classname="ec.esu.espe.quizz.controller.CylinderAreaControllerTest" time="0.002">
    <system-out><![CDATA[computeCylinderArea
]]></system-out>
  </testcase>
  <testcase name="testComputeCylinderArea5" classname="ec.esu.espe.quizz.controller.CylinderAreaControllerTest" time="0.002">
    <system-out><![CDATA[computeCylinderArea
]]></system-out>
  </testcase>
  <testcase name="testComputeCylinderArea6" classname="ec.esu.espe.quizz.controller.CylinderAreaControllerTest" time="0.002">
    <system-out><![CDATA[computeCylinderArea
]]></system-out>
  </testcase>
  <testcase name="testComputeCylinderArea7" classname="ec.esu.espe.quizz.controller.CylinderAreaControllerTest" time="0.003">
    <system-out><![CDATA[computeCylinderArea
]]></system-out>
  </testcase>
  <testcase name="testComputeCylinderArea8" classname="ec.esu.espe.quizz.controller.CylinderAreaControllerTest" time="0.001">
    <system-out><![CDATA[computeCylinderArea
]]></system-out>
  </testcase>
  <testcase name="testComputeCylinderArea9" classname="ec.esu.espe.quizz.controller.CylinderAreaControllerTest" time="0.001">
    <system-out><![CDATA[computeCylinderArea
]]></system-out>
  </testcase>
  <testcase name="testComputeCylinderArea10" classname="ec.esu.espe.quizz.controller.CylinderAreaControllerTest" time="0.001">
    <system-out><![CDATA[computeCylinderArea
]]></system-out>
  </testcase>
</testsuite>